  test.cpp
C:\Users\1\Desktop\C++\test\test.cpp(2776,8): error C2065: Ютуче: необъявленный идентификатор
C:\Users\1\Desktop\C++\test\test.cpp(2778,2): error C2143: синтаксическая ошибка: отсутствие ";" перед "}"
